Info: Starting: Create block symbol file (.bsf)
Info: ip-generate --project-directory=C:/Users/nady_/Desktop/ProjetoProcessadorQuartus/ --output-directory=C:/Users/nady_/Desktop/ProjetoProcessadorQuartus/ProjetoNiosQsys/ --report-file=bsf:C:/Users/nady_/Desktop/ProjetoProcessadorQuartus/ProjetoNiosQsys.bsf --system-info=DEVICE_FAMILY="Cyclone IV E" --system-info=DEVICE=EP4CE6E22C8 --system-info=DEVICE_SPEEDGRADE=8 --component-file=C:/Users/nady_/Desktop/ProjetoProcessadorQuartus/ProjetoNiosQsys.qsys
Progress: Loading ProjetoProcessadorQuartus/ProjetoNiosQsys.qsys
Progress: Reading input file
Progress: Adding clk_0 [clock_source 13.0]
Progress: Parameterizing module clk_0
Progress: Adding nios2_qsys_0 [altera_nios2_qsys 13.0]
Progress: Parameterizing module nios2_qsys_0
Progress: Adding onchip_memory2_0 [altera_avalon_onchip_memory2 13.0.1.99.2]
Progress: Parameterizing module onchip_memory2_0
Progress: Adding buttons [altera_avalon_pio 13.0.1.99.2]
Progress: Parameterizing module buttons
Progress: Adding leds [altera_avalon_pio 13.0.1.99.2]
Progress: Parameterizing module leds
Progress: Adding jtag_uart_0 [altera_avalon_jtag_uart 13.0.1.99.2]
Progress: Parameterizing module jtag_uart_0
Progress: Building connections
Progress: Parameterizing connections
Progress: Validating
Progress: Done reading input file
Info: ProjetoNiosQsys.buttons: PIO inputs are not hardwired in test bench. Undefined values will be read from PIO inputs during simulation.
Info: ip-generate succeeded.
Info: Finished: Create block symbol file (.bsf)
Info: 
Info: Starting: Create HDL design files for synthesis
Info: ip-generate --project-directory=C:/Users/nady_/Desktop/ProjetoProcessadorQuartus/ --output-directory=C:/Users/nady_/Desktop/ProjetoProcessadorQuartus/ProjetoNiosQsys/synthesis/ --file-set=QUARTUS_SYNTH --report-file=sopcinfo:C:/Users/nady_/Desktop/ProjetoProcessadorQuartus/ProjetoNiosQsys.sopcinfo --report-file=html:C:/Users/nady_/Desktop/ProjetoProcessadorQuartus/ProjetoNiosQsys.html --report-file=qip:C:/Users/nady_/Desktop/ProjetoProcessadorQuartus/ProjetoNiosQsys/synthesis/ProjetoNiosQsys.qip --report-file=cmp:C:/Users/nady_/Desktop/ProjetoProcessadorQuartus/ProjetoNiosQsys.cmp --report-file=svd --system-info=DEVICE_FAMILY="Cyclone IV E" --system-info=DEVICE=EP4CE6E22C8 --system-info=DEVICE_SPEEDGRADE=8 --component-file=C:/Users/nady_/Desktop/ProjetoProcessadorQuartus/ProjetoNiosQsys.qsys --language=VERILOG
Progress: Loading ProjetoProcessadorQuartus/ProjetoNiosQsys.qsys
Progress: Reading input file
Progress: Adding clk_0 [clock_source 13.0]
Progress: Parameterizing module clk_0
Progress: Adding nios2_qsys_0 [altera_nios2_qsys 13.0]
Progress: Parameterizing module nios2_qsys_0
Progress: Adding onchip_memory2_0 [altera_avalon_onchip_memory2 13.0.1.99.2]
Progress: Parameterizing module onchip_memory2_0
Progress: Adding buttons [altera_avalon_pio 13.0.1.99.2]
Progress: Parameterizing module buttons
Progress: Adding leds [altera_avalon_pio 13.0.1.99.2]
Progress: Parameterizing module leds
Progress: Adding jtag_uart_0 [altera_avalon_jtag_uart 13.0.1.99.2]
Progress: Parameterizing module jtag_uart_0
Progress: Building connections
Progress: Parameterizing connections
Progress: Validating
Progress: Done reading input file
Info: ProjetoNiosQsys.buttons: PIO inputs are not hardwired in test bench. Undefined values will be read from PIO inputs during simulation.
Info: ProjetoNiosQsys: Generating ProjetoNiosQsys "ProjetoNiosQsys" for QUARTUS_SYNTH
Info: pipeline_bridge_swap_transform: After transform: 6 modules, 23 connections
Info: No custom instruction connections, skipping transform 
Info: merlin_translator_transform: After transform: 13 modules, 45 connections
Info: merlin_domain_transform: After transform: 26 modules, 112 connections
Info: merlin_router_transform: After transform: 33 modules, 134 connections
Info: reset_adaptation_transform: After transform: 35 modules, 133 connections
Info: merlin_network_to_switch_transform: After transform: 48 modules, 167 connections
Info: merlin_mm_transform: After transform: 48 modules, 167 connections
Info: merlin_interrupt_mapper_transform: After transform: 49 modules, 170 connections
Warning: ProjetoNiosQsys: "No matching role found for rst_controller_001:reset_out:reset_req (reset_req)"
Warning: ProjetoNiosQsys: "No matching role found for rst_controller_001:reset_out:reset_req (reset_req)"
Warning: ProjetoNiosQsys: "No matching role found for rst_controller_001:reset_out:reset_req (reset_req)"
Warning: ProjetoNiosQsys: "No matching role found for rst_controller_001:reset_out:reset_req (reset_req)"
Warning: ProjetoNiosQsys: "No matching role found for rst_controller_001:reset_out:reset_req (reset_req)"
Warning: ProjetoNiosQsys: "No matching role found for rst_controller_001:reset_out:reset_req (reset_req)"
Info: nios2_qsys_0: Starting RTL generation for module 'ProjetoNiosQsys_nios2_qsys_0'
Info: nios2_qsys_0:   Generation command is [exec C:/altera/13.0sp1/quartus/../ip/altera/nios2_ip/altera_nios2/eperl.exe -I C:/altera/13.0sp1/quartus/common/ip/altera/common/perl/5.8.3 -I C:/altera/13.0sp1/quartus/sopc_builder/bin/europa -I C:/altera/13.0sp1/quartus/sopc_builder/bin/perl_lib -I C:/altera/13.0sp1/quartus/sopc_builder/bin -I C:/altera/13.0sp1/quartus/../ip/altera/nios2_ip/altera_nios2/cpu_lib -I C:/altera/13.0sp1/quartus/../ip/altera/nios2_ip/altera_nios2/nios_lib -I C:/altera/13.0sp1/quartus/../ip/altera/nios2_ip/altera_nios2 -I C:/altera/13.0sp1/quartus/../ip/altera/nios2_ip/altera_nios2 -- C:/altera/13.0sp1/quartus/../ip/altera/nios2_ip/altera_nios2/generate_rtl.epl --name=ProjetoNiosQsys_nios2_qsys_0 --dir=C:/Users/nady_/AppData/Local/Temp/alt7648_5737662243551512193.dir/0001_nios2_qsys_0_gen/ --quartus_dir=C:/altera/13.0sp1/quartus --verilog --config=C:/Users/nady_/AppData/Local/Temp/alt7648_5737662243551512193.dir/0001_nios2_qsys_0_gen//ProjetoNiosQsys_nios2_qsys_0_processor_configuration.pl  --do_build_sim=0    --bogus  ]
Info: nios2_qsys_0: # 2018.04.27 13:05:07 (*) Starting Nios II generation
Info: nios2_qsys_0: # 2018.04.27 13:05:07 (*)   Checking for plaintext license.
Info: nios2_qsys_0: # 2018.04.27 13:05:07 (*)   Couldn't query license setup in Quartus directory C:/altera/13.0sp1/quartus
Info: nios2_qsys_0: # 2018.04.27 13:05:07 (*)   Defaulting to contents of LM_LICENSE_FILE environment variable
Info: nios2_qsys_0: # 2018.04.27 13:05:07 (*)   LM_LICENSE_FILE environment variable is empty
Info: nios2_qsys_0: # 2018.04.27 13:05:07 (*)   Plaintext license not found.
Info: nios2_qsys_0: # 2018.04.27 13:05:07 (*)   No license required to generate encrypted Nios II/e.
Info: nios2_qsys_0: # 2018.04.27 13:05:07 (*)   Elaborating CPU configuration settings
Info: nios2_qsys_0: # 2018.04.27 13:05:07 (*)   Creating all objects for CPU
Info: nios2_qsys_0: # 2018.04.27 13:05:09 (*)   Generating RTL from CPU objects
Info: nios2_qsys_0: # 2018.04.27 13:05:09 (*)   Creating plain-text RTL
Info: nios2_qsys_0: # 2018.04.27 13:05:11 (*) Done Nios II generation
Info: nios2_qsys_0: Done RTL generation for module 'ProjetoNiosQsys_nios2_qsys_0'
Info: nios2_qsys_0: "ProjetoNiosQsys" instantiated altera_nios2_qsys "nios2_qsys_0"
Info: onchip_memory2_0: Starting RTL generation for module 'ProjetoNiosQsys_onchip_memory2_0'
Info: onchip_memory2_0:   Generation command is [exec C:/altera/13.0sp1/quartus/bin/perl/bin/perl.exe -I C:/altera/13.0sp1/quartus/common/ip/altera/common/perl/5.8.3 -I C:/altera/13.0sp1/quartus/sopc_builder/bin/europa -I C:/altera/13.0sp1/quartus/sopc_builder/bin/perl_lib -I C:/altera/13.0sp1/quartus/sopc_builder/bin -I C:/altera/13.0sp1/quartus/../ip/altera/sopc_builder_ip/common -I C:/altera/13.0sp1/quartus/../ip/altera/sopc_builder_ip/altera_avalon_onchip_memory2 -- C:/altera/13.0sp1/quartus/../ip/altera/sopc_builder_ip/altera_avalon_onchip_memory2/generate_rtl.pl --name=ProjetoNiosQsys_onchip_memory2_0 --dir=C:/Users/nady_/AppData/Local/Temp/alt7648_5737662243551512193.dir/0002_onchip_memory2_0_gen/ --quartus_dir=C:/altera/13.0sp1/quartus --verilog --config=C:/Users/nady_/AppData/Local/Temp/alt7648_5737662243551512193.dir/0002_onchip_memory2_0_gen//ProjetoNiosQsys_onchip_memory2_0_component_configuration.pl  --do_build_sim=0  ]
Info: onchip_memory2_0: Done RTL generation for module 'ProjetoNiosQsys_onchip_memory2_0'
Info: onchip_memory2_0: "ProjetoNiosQsys" instantiated altera_avalon_onchip_memory2 "onchip_memory2_0"
Info: buttons: Starting RTL generation for module 'ProjetoNiosQsys_buttons'
Info: buttons:   Generation command is [exec C:/altera/13.0sp1/quartus/bin/perl/bin/perl.exe -I C:/altera/13.0sp1/quartus/common/ip/altera/common/perl/5.8.3 -I C:/altera/13.0sp1/quartus/sopc_builder/bin/europa -I C:/altera/13.0sp1/quartus/sopc_builder/bin/perl_lib -I C:/altera/13.0sp1/quartus/sopc_builder/bin -I C:/altera/13.0sp1/quartus/../ip/altera/sopc_builder_ip/common -I C:/altera/13.0sp1/quartus/../ip/altera/sopc_builder_ip/altera_avalon_pio -- C:/altera/13.0sp1/quartus/../ip/altera/sopc_builder_ip/altera_avalon_pio/generate_rtl.pl --name=ProjetoNiosQsys_buttons --dir=C:/Users/nady_/AppData/Local/Temp/alt7648_5737662243551512193.dir/0003_buttons_gen/ --quartus_dir=C:/altera/13.0sp1/quartus --verilog --config=C:/Users/nady_/AppData/Local/Temp/alt7648_5737662243551512193.dir/0003_buttons_gen//ProjetoNiosQsys_buttons_component_configuration.pl  --do_build_sim=0  ]
Info: buttons: Done RTL generation for module 'ProjetoNiosQsys_buttons'
Info: buttons: "ProjetoNiosQsys" instantiated altera_avalon_pio "buttons"
Info: leds: Starting RTL generation for module 'ProjetoNiosQsys_leds'
Info: leds:   Generation command is [exec C:/altera/13.0sp1/quartus/bin/perl/bin/perl.exe -I C:/altera/13.0sp1/quartus/common/ip/altera/common/perl/5.8.3 -I C:/altera/13.0sp1/quartus/sopc_builder/bin/europa -I C:/altera/13.0sp1/quartus/sopc_builder/bin/perl_lib -I C:/altera/13.0sp1/quartus/sopc_builder/bin -I C:/altera/13.0sp1/quartus/../ip/altera/sopc_builder_ip/common -I C:/altera/13.0sp1/quartus/../ip/altera/sopc_builder_ip/altera_avalon_pio -- C:/altera/13.0sp1/quartus/../ip/altera/sopc_builder_ip/altera_avalon_pio/generate_rtl.pl --name=ProjetoNiosQsys_leds --dir=C:/Users/nady_/AppData/Local/Temp/alt7648_5737662243551512193.dir/0004_leds_gen/ --quartus_dir=C:/altera/13.0sp1/quartus --verilog --config=C:/Users/nady_/AppData/Local/Temp/alt7648_5737662243551512193.dir/0004_leds_gen//ProjetoNiosQsys_leds_component_configuration.pl  --do_build_sim=0  ]
Info: leds: Done RTL generation for module 'ProjetoNiosQsys_leds'
Info: leds: "ProjetoNiosQsys" instantiated altera_avalon_pio "leds"
Info: jtag_uart_0: Starting RTL generation for module 'ProjetoNiosQsys_jtag_uart_0'
Info: jtag_uart_0:   Generation command is [exec C:/altera/13.0sp1/quartus/bin/perl/bin/perl.exe -I C:/altera/13.0sp1/quartus/common/ip/altera/common/perl/5.8.3 -I C:/altera/13.0sp1/quartus/sopc_builder/bin/europa -I C:/altera/13.0sp1/quartus/sopc_builder/bin/perl_lib -I C:/altera/13.0sp1/quartus/sopc_builder/bin -I C:/altera/13.0sp1/quartus/../ip/altera/sopc_builder_ip/common -I C:/altera/13.0sp1/quartus/../ip/altera/sopc_builder_ip/altera_avalon_jtag_uart -- C:/altera/13.0sp1/quartus/../ip/altera/sopc_builder_ip/altera_avalon_jtag_uart/generate_rtl.pl --name=ProjetoNiosQsys_jtag_uart_0 --dir=C:/Users/nady_/AppData/Local/Temp/alt7648_5737662243551512193.dir/0005_jtag_uart_0_gen/ --quartus_dir=C:/altera/13.0sp1/quartus --verilog --config=C:/Users/nady_/AppData/Local/Temp/alt7648_5737662243551512193.dir/0005_jtag_uart_0_gen//ProjetoNiosQsys_jtag_uart_0_component_configuration.pl  --do_build_sim=0  ]
Info: jtag_uart_0: Done RTL generation for module 'ProjetoNiosQsys_jtag_uart_0'
Info: jtag_uart_0: "ProjetoNiosQsys" instantiated altera_avalon_jtag_uart "jtag_uart_0"
Info: nios2_qsys_0_instruction_master_translator: "ProjetoNiosQsys" instantiated altera_merlin_master_translator "nios2_qsys_0_instruction_master_translator"
Info: nios2_qsys_0_jtag_debug_module_translator: "ProjetoNiosQsys" instantiated altera_merlin_slave_translator "nios2_qsys_0_jtag_debug_module_translator"
Info: nios2_qsys_0_instruction_master_translator_avalon_universal_master_0_agent: "ProjetoNiosQsys" instantiated altera_merlin_master_agent "nios2_qsys_0_instruction_master_translator_avalon_universal_master_0_agent"
Info: nios2_qsys_0_jtag_debug_module_translator_avalon_universal_slave_0_agent: "ProjetoNiosQsys" instantiated altera_merlin_slave_agent "nios2_qsys_0_jtag_debug_module_translator_avalon_universal_slave_0_agent"
Info: nios2_qsys_0_jtag_debug_module_translator_avalon_universal_slave_0_agent_rsp_fifo: "ProjetoNiosQsys" instantiated altera_avalon_sc_fifo "nios2_qsys_0_jtag_debug_module_translator_avalon_universal_slave_0_agent_rsp_fifo"
Info: addr_router: "ProjetoNiosQsys" instantiated altera_merlin_router "addr_router"
Info: id_router: "ProjetoNiosQsys" instantiated altera_merlin_router "id_router"
Info: rst_controller: "ProjetoNiosQsys" instantiated altera_reset_controller "rst_controller"
Info: cmd_xbar_demux: "ProjetoNiosQsys" instantiated altera_merlin_demultiplexer "cmd_xbar_demux"
Info: cmd_xbar_mux: "ProjetoNiosQsys" instantiated altera_merlin_multiplexer "cmd_xbar_mux"
Info: rsp_xbar_demux: "ProjetoNiosQsys" instantiated altera_merlin_demultiplexer "rsp_xbar_demux"
Info: rsp_xbar_mux: "ProjetoNiosQsys" instantiated altera_merlin_multiplexer "rsp_xbar_mux"
Info: Reusing file C:/Users/nady_/Desktop/ProjetoProcessadorQuartus/ProjetoNiosQsys/synthesis/submodules/altera_merlin_arbitrator.sv
Info: irq_mapper: "ProjetoNiosQsys" instantiated altera_irq_mapper "irq_mapper"
Info: ProjetoNiosQsys: Done ProjetoNiosQsys" with 19 modules, 73 files, 1322444 bytes
Info: ip-generate succeeded.
Info: Finished: Create HDL design files for synthesis
