Flow report for ProjetoProcessadorQuartus
Wed May 02 20:25:20 2018
Quartus II 64-Bit Version 13.0.1 Build 232 06/12/2013 Service Pack 1 SJ Web Edition


---------------------
; Table of Contents ;
---------------------
  1. Legal Notice
  2. Flow Summary
  3. Flow Settings
  4. Flow Non-Default Global Settings
  5. Flow Elapsed Time
  6. Flow OS Summary
  7. Flow Log
  8. Flow Messages
  9. Flow Suppressed Messages



----------------
; Legal Notice ;
----------------
Copyright (C) 1991-2013 Altera Corporation
Your use of Altera Corporation's design tools, logic functions 
and other software and tools, and its AMPP partner logic 
functions, and any output files from any of the foregoing 
(including device programming or simulation files), and any 
associated documentation or information are expressly subject 
to the terms and conditions of the Altera Program License 
Subscription Agreement, Altera MegaCore Function License 
Agreement, or other applicable license agreement, including, 
without limitation, that your use is for the sole purpose of 
programming logic devices manufactured by Altera and sold by 
Altera or its authorized distributors.  Please refer to the 
applicable agreement for further details.



+--------------------------------------------------------------------------------------+
; Flow Summary                                                                         ;
+------------------------------------+-------------------------------------------------+
; Flow Status                        ; Successful - Wed May 02 20:25:11 2018           ;
; Quartus II 64-Bit Version          ; 13.0.1 Build 232 06/12/2013 SP 1 SJ Web Edition ;
; Revision Name                      ; ProjetoProcessadorQuartus                       ;
; Top-level Entity Name              ; ProjetoProcessadorQuartus                       ;
; Family                             ; Cyclone IV E                                    ;
; Device                             ; EP4CE6E22C8                                     ;
; Timing Models                      ; Final                                           ;
; Total logic elements               ; 1,695 / 6,272 ( 27 % )                          ;
;     Total combinational functions  ; 1,601 / 6,272 ( 26 % )                          ;
;     Dedicated logic registers      ; 920 / 6,272 ( 15 % )                            ;
; Total registers                    ; 920                                             ;
; Total pins                         ; 9 / 92 ( 10 % )                                 ;
; Total virtual pins                 ; 0                                               ;
; Total memory bits                  ; 44,032 / 276,480 ( 16 % )                       ;
; Embedded Multiplier 9-bit elements ; 0 / 30 ( 0 % )                                  ;
; Total PLLs                         ; 0 / 2 ( 0 % )                                   ;
+------------------------------------+-------------------------------------------------+


+-----------------------------------------------+
; Flow Settings                                 ;
+-------------------+---------------------------+
; Option            ; Setting                   ;
+-------------------+---------------------------+
; Start date & time ; 05/02/2018 20:24:07       ;
; Main task         ; Compilation               ;
; Revision Name     ; ProjetoProcessadorQuartus ;
+-------------------+---------------------------+


+-------------------------------------------------------------------------------------------------------------------------------------------------------------------------+
; Flow Non-Default Global Settings                                                                                                                                        ;
+-------------------------------------+-------------------------------------------------------------------+---------------+----------------------------------+------------+
; Assignment Name                     ; Value                                                             ; Default Value ; Entity Name                      ; Section Id ;
+-------------------------------------+-------------------------------------------------------------------+---------------+----------------------------------+------------+
; COMPILER_SIGNATURE_ID               ; 145667773545104.152530344605500                                   ; --            ; --                               ; --         ;
; IP_TOOL_ENV                         ; Qsys                                                              ; --            ; ProjetoNiosQsys                  ; --         ;
; IP_TOOL_ENV                         ; Qsys                                                              ; --            ; ProjetoNiosQsys_addr_router      ; --         ;
; IP_TOOL_ENV                         ; Qsys                                                              ; --            ; ProjetoNiosQsys_buttons          ; --         ;
; IP_TOOL_ENV                         ; Qsys                                                              ; --            ; ProjetoNiosQsys_cmd_xbar_demux   ; --         ;
; IP_TOOL_ENV                         ; Qsys                                                              ; --            ; ProjetoNiosQsys_cmd_xbar_mux     ; --         ;
; IP_TOOL_ENV                         ; Qsys                                                              ; --            ; ProjetoNiosQsys_id_router        ; --         ;
; IP_TOOL_ENV                         ; Qsys                                                              ; --            ; ProjetoNiosQsys_irq_mapper       ; --         ;
; IP_TOOL_ENV                         ; Qsys                                                              ; --            ; ProjetoNiosQsys_jtag_uart_0      ; --         ;
; IP_TOOL_ENV                         ; Qsys                                                              ; --            ; ProjetoNiosQsys_leds             ; --         ;
; IP_TOOL_ENV                         ; Qsys                                                              ; --            ; ProjetoNiosQsys_nios2_qsys_0     ; --         ;
; IP_TOOL_ENV                         ; Qsys                                                              ; --            ; ProjetoNiosQsys_onchip_memory2_0 ; --         ;
; IP_TOOL_ENV                         ; Qsys                                                              ; --            ; ProjetoNiosQsys_rsp_xbar_demux   ; --         ;
; IP_TOOL_ENV                         ; Qsys                                                              ; --            ; ProjetoNiosQsys_rsp_xbar_mux     ; --         ;
; IP_TOOL_ENV                         ; Qsys                                                              ; --            ; altera_avalon_sc_fifo            ; --         ;
; IP_TOOL_ENV                         ; Qsys                                                              ; --            ; altera_merlin_master_agent       ; --         ;
; IP_TOOL_ENV                         ; Qsys                                                              ; --            ; altera_merlin_master_translator  ; --         ;
; IP_TOOL_ENV                         ; Qsys                                                              ; --            ; altera_merlin_slave_agent        ; --         ;
; IP_TOOL_ENV                         ; Qsys                                                              ; --            ; altera_merlin_slave_translator   ; --         ;
; IP_TOOL_ENV                         ; Qsys                                                              ; --            ; altera_reset_controller          ; --         ;
; IP_TOOL_NAME                        ; Qsys                                                              ; --            ; ProjetoNiosQsys                  ; --         ;
; IP_TOOL_NAME                        ; altera_merlin_router                                              ; --            ; ProjetoNiosQsys_addr_router      ; --         ;
; IP_TOOL_NAME                        ; altera_avalon_pio                                                 ; --            ; ProjetoNiosQsys_buttons          ; --         ;
; IP_TOOL_NAME                        ; altera_merlin_demultiplexer                                       ; --            ; ProjetoNiosQsys_cmd_xbar_demux   ; --         ;
; IP_TOOL_NAME                        ; altera_merlin_multiplexer                                         ; --            ; ProjetoNiosQsys_cmd_xbar_mux     ; --         ;
; IP_TOOL_NAME                        ; altera_merlin_router                                              ; --            ; ProjetoNiosQsys_id_router        ; --         ;
; IP_TOOL_NAME                        ; altera_irq_mapper                                                 ; --            ; ProjetoNiosQsys_irq_mapper       ; --         ;
; IP_TOOL_NAME                        ; altera_avalon_jtag_uart                                           ; --            ; ProjetoNiosQsys_jtag_uart_0      ; --         ;
; IP_TOOL_NAME                        ; altera_avalon_pio                                                 ; --            ; ProjetoNiosQsys_leds             ; --         ;
; IP_TOOL_NAME                        ; altera_nios2_qsys                                                 ; --            ; ProjetoNiosQsys_nios2_qsys_0     ; --         ;
; IP_TOOL_NAME                        ; altera_avalon_onchip_memory2                                      ; --            ; ProjetoNiosQsys_onchip_memory2_0 ; --         ;
; IP_TOOL_NAME                        ; altera_merlin_demultiplexer                                       ; --            ; ProjetoNiosQsys_rsp_xbar_demux   ; --         ;
; IP_TOOL_NAME                        ; altera_merlin_multiplexer                                         ; --            ; ProjetoNiosQsys_rsp_xbar_mux     ; --         ;
; IP_TOOL_NAME                        ; altera_avalon_sc_fifo                                             ; --            ; altera_avalon_sc_fifo            ; --         ;
; IP_TOOL_NAME                        ; altera_merlin_master_agent                                        ; --            ; altera_merlin_master_agent       ; --         ;
; IP_TOOL_NAME                        ; altera_merlin_master_translator                                   ; --            ; altera_merlin_master_translator  ; --         ;
; IP_TOOL_NAME                        ; altera_merlin_slave_agent                                         ; --            ; altera_merlin_slave_agent        ; --         ;
; IP_TOOL_NAME                        ; altera_merlin_slave_translator                                    ; --            ; altera_merlin_slave_translator   ; --         ;
; IP_TOOL_NAME                        ; altera_reset_controller                                           ; --            ; altera_reset_controller          ; --         ;
; IP_TOOL_VERSION                     ; 13.0sp1                                                           ; --            ; ProjetoNiosQsys                  ; --         ;
; IP_TOOL_VERSION                     ; 13.0                                                              ; --            ; ProjetoNiosQsys_addr_router      ; --         ;
; IP_TOOL_VERSION                     ; 13.0.1.99.2                                                       ; --            ; ProjetoNiosQsys_buttons          ; --         ;
; IP_TOOL_VERSION                     ; 13.0                                                              ; --            ; ProjetoNiosQsys_cmd_xbar_demux   ; --         ;
; IP_TOOL_VERSION                     ; 13.0                                                              ; --            ; ProjetoNiosQsys_cmd_xbar_mux     ; --         ;
; IP_TOOL_VERSION                     ; 13.0                                                              ; --            ; ProjetoNiosQsys_id_router        ; --         ;
; IP_TOOL_VERSION                     ; 13.0                                                              ; --            ; ProjetoNiosQsys_irq_mapper       ; --         ;
; IP_TOOL_VERSION                     ; 13.0.1.99.2                                                       ; --            ; ProjetoNiosQsys_jtag_uart_0      ; --         ;
; IP_TOOL_VERSION                     ; 13.0.1.99.2                                                       ; --            ; ProjetoNiosQsys_leds             ; --         ;
; IP_TOOL_VERSION                     ; 13.0                                                              ; --            ; ProjetoNiosQsys_nios2_qsys_0     ; --         ;
; IP_TOOL_VERSION                     ; 13.0.1.99.2                                                       ; --            ; ProjetoNiosQsys_onchip_memory2_0 ; --         ;
; IP_TOOL_VERSION                     ; 13.0                                                              ; --            ; ProjetoNiosQsys_rsp_xbar_demux   ; --         ;
; IP_TOOL_VERSION                     ; 13.0                                                              ; --            ; ProjetoNiosQsys_rsp_xbar_mux     ; --         ;
; IP_TOOL_VERSION                     ; 13.0                                                              ; --            ; altera_avalon_sc_fifo            ; --         ;
; IP_TOOL_VERSION                     ; 13.0                                                              ; --            ; altera_merlin_master_agent       ; --         ;
; IP_TOOL_VERSION                     ; 13.0                                                              ; --            ; altera_merlin_master_translator  ; --         ;
; IP_TOOL_VERSION                     ; 13.0                                                              ; --            ; altera_merlin_slave_agent        ; --         ;
; IP_TOOL_VERSION                     ; 13.0                                                              ; --            ; altera_merlin_slave_translator   ; --         ;
; IP_TOOL_VERSION                     ; 13.0                                                              ; --            ; altera_reset_controller          ; --         ;
; MAX_CORE_JUNCTION_TEMP              ; 85                                                                ; --            ; --                               ; --         ;
; MIN_CORE_JUNCTION_TEMP              ; 0                                                                 ; --            ; --                               ; --         ;
; MISC_FILE                           ; ProjetoNiosQsys/synthesis/../../ProjetoNiosQsys.cmp               ; --            ; --                               ; --         ;
; MISC_FILE                           ; ProjetoNiosQsys/synthesis/../../ProjetoNiosQsys.qsys              ; --            ; --                               ; --         ;
; NOMINAL_CORE_SUPPLY_VOLTAGE         ; 1.2V                                                              ; --            ; --                               ; --         ;
; PARTITION_COLOR                     ; 16764057                                                          ; --            ; --                               ; Top        ;
; PARTITION_FITTER_PRESERVATION_LEVEL ; PLACEMENT_AND_ROUTING                                             ; --            ; --                               ; Top        ;
; PARTITION_NETLIST_TYPE              ; SOURCE                                                            ; --            ; --                               ; Top        ;
; POWER_BOARD_THERMAL_MODEL           ; None (CONSERVATIVE)                                               ; --            ; --                               ; --         ;
; POWER_PRESET_COOLING_SOLUTION       ; 23 MM HEAT SINK WITH 200 LFPM AIRFLOW                             ; --            ; --                               ; --         ;
; PROJECT_OUTPUT_DIRECTORY            ; output_files                                                      ; --            ; --                               ; --         ;
; SLD_INFO                            ; QSYS_NAME ProjetoNiosQsys HAS_SOPCINFO 1 GENERATION_ID 1525280416 ; --            ; ProjetoNiosQsys                  ; --         ;
; SOPCINFO_FILE                       ; ProjetoNiosQsys/synthesis/../../ProjetoNiosQsys.sopcinfo          ; --            ; --                               ; --         ;
; SYNTHESIS_ONLY_QIP                  ; On                                                                ; --            ; --                               ; --         ;
+-------------------------------------+-------------------------------------------------------------------+---------------+----------------------------------+------------+


+-------------------------------------------------------------------------------------------------------------------------------+
; Flow Elapsed Time                                                                                                             ;
+---------------------------+--------------+-------------------------+---------------------+------------------------------------+
; Module Name               ; Elapsed Time ; Average Processors Used ; Peak Virtual Memory ; Total CPU Time (on all processors) ;
+---------------------------+--------------+-------------------------+---------------------+------------------------------------+
; Analysis & Synthesis      ; 00:00:29     ; 1.0                     ; 625 MB              ; 00:00:16                           ;
; Fitter                    ; 00:00:20     ; 1.0                     ; 877 MB              ; 00:00:14                           ;
; Assembler                 ; 00:00:03     ; 1.0                     ; 475 MB              ; 00:00:02                           ;
; TimeQuest Timing Analyzer ; 00:00:07     ; 1.0                     ; 567 MB              ; 00:00:05                           ;
; Total                     ; 00:00:59     ; --                      ; --                  ; 00:00:37                           ;
+---------------------------+--------------+-------------------------+---------------------+------------------------------------+


+----------------------------------------------------------------------------------------+
; Flow OS Summary                                                                        ;
+---------------------------+------------------+-----------+------------+----------------+
; Module Name               ; Machine Hostname ; OS Name   ; OS Version ; Processor type ;
+---------------------------+------------------+-----------+------------+----------------+
; Analysis & Synthesis      ; DESKTOP-LOR4VTS  ; Windows 7 ; 6.2        ; x86_64         ;
; Fitter                    ; DESKTOP-LOR4VTS  ; Windows 7 ; 6.2        ; x86_64         ;
; Assembler                 ; DESKTOP-LOR4VTS  ; Windows 7 ; 6.2        ; x86_64         ;
; TimeQuest Timing Analyzer ; DESKTOP-LOR4VTS  ; Windows 7 ; 6.2        ; x86_64         ;
+---------------------------+------------------+-----------+------------+----------------+


------------
; Flow Log ;
------------
quartus_map --read_settings_files=on --write_settings_files=off ProjetoProcessadorQuartus -c ProjetoProcessadorQuartus
quartus_fit --read_settings_files=off --write_settings_files=off ProjetoProcessadorQuartus -c ProjetoProcessadorQuartus
quartus_asm --read_settings_files=off --write_settings_files=off ProjetoProcessadorQuartus -c ProjetoProcessadorQuartus
quartus_sta ProjetoProcessadorQuartus -c ProjetoProcessadorQuartus



